2026-07-20 19:42:08,745 INFO Initialized fresh population of 4 individuals
2026-07-20 19:42:08,746 INFO Score weights: Eff=1.00  Ripple=1.00  PwrDens=0.50  Cost=0.050
2026-07-20 19:42:08,746 INFO Early stopping: patience=20, min_delta=0.0100
2026-07-20 19:42:08,746 INFO Using ML surrogate models: True
2026-07-20 19:42:08,746 INFO --- Generation 1 / 2 ---
2026-07-20 19:42:08,747 INFO   [NEW BEST] Score: 71.4948
2026-07-20 19:42:08,747 INFO Gen 1 | best=71.4948 | Eff=95.87% | Ripple=24.50% | PwrDens=0.345 | Cost=139.4 | no_improve=0/20
2026-07-20 19:42:08,751 INFO Checkpoint saved to D:\Ai_Optimization_Of_Vshape_IPM_motor\output\optimizer_state.pkl
2026-07-20 19:42:08,751 INFO --- Generation 2 / 2 ---
2026-07-20 19:42:08,751 INFO Gen 2 | best=71.4948 | Eff=95.87% | Ripple=24.50% | PwrDens=0.345 | Cost=139.4 | no_improve=1/20
2026-07-20 19:42:08,754 INFO Checkpoint saved to D:\Ai_Optimization_Of_Vshape_IPM_motor\output\optimizer_state.pkl
2026-07-20 19:42:08,754 INFO 
===== OPTIMIZATION COMPLETE =====
2026-07-20 19:42:08,754 INFO Best overall score : 71.4948
2026-07-20 19:42:08,754 INFO Best design parameters:
2026-07-20 19:42:08,754 INFO   Dr_in        : 90.0 mm
2026-07-20 19:42:08,754 INFO   Air_gap      : 0.7 mm
2026-07-20 19:42:08,754 INFO   Lamda        : 0.9 
2026-07-20 19:42:08,754 INFO   Bridge       : 3.0 mm
2026-07-20 19:42:08,754 INFO   Hs0          : 1.6 mm
2026-07-20 19:42:08,754 INFO   Hs1          : 2.0 mm
2026-07-20 19:42:08,754 INFO   Hs2          : 18.0 mm
2026-07-20 19:42:08,754 INFO   Bs0          : 2.0 mm
2026-07-20 19:42:08,754 INFO   Bs1          : 7.5 mm
2026-07-20 19:42:08,754 INFO   Bs2          : 14.0 mm
2026-07-20 19:42:08,754 INFO   O1           : 2.0 mm
2026-07-20 19:42:08,754 INFO   O2           : 2.5 mm
2026-07-20 19:42:08,755 INFO   B1           : 3.7 mm
2026-07-20 19:42:08,755 INFO   rib          : 6.0 mm
2026-07-20 19:42:08,755 INFO   hrib         : 3.5 mm
2026-07-20 19:42:08,755 INFO   Mt           : 4.8 mm
2026-07-20 19:42:08,755 INFO   Mw           : 22.0 mm
2026-07-20 19:42:08,755 INFO   magDmin      : 1.0 mm
2026-07-20 19:42:08,755 INFO   thet_deg     : 75.0 deg
2026-07-20 19:42:08,756 INFO Best design saved to D:\Ai_Optimization_Of_Vshape_IPM_motor\output\best_optimized_design_v3.csv
2026-07-20 19:42:12,203 INFO Initialized fresh population of 4 individuals
2026-07-20 19:42:12,203 INFO Score weights: Eff=1.00  Ripple=1.00  PwrDens=0.50  Cost=0.050
2026-07-20 19:42:12,203 INFO Early stopping: patience=20, min_delta=0.0100
2026-07-20 19:42:12,203 INFO Using ML surrogate models: True
2026-07-20 19:42:12,203 INFO Multi-objective optimization: False
2026-07-20 19:42:12,203 INFO --- Generation 1 / 2 ---
2026-07-20 19:42:12,203 INFO   [NEW BEST] Score: 62.1386
2026-07-20 19:42:12,204 INFO Gen 1 | best=62.1386 | Eff=92.90% | Ripple=30.88% | PwrDens=0.339 | Cost=154.5 | no_improve=0/20
2026-07-20 19:42:12,207 INFO Checkpoint saved to D:\Ai_Optimization_Of_Vshape_IPM_motor\output\optimizer_state.pkl
2026-07-20 19:42:12,207 INFO --- Generation 2 / 2 ---
2026-07-20 19:42:12,208 INFO   [NEW BEST] Score: 62.4231
2026-07-20 19:42:12,208 INFO Gen 2 | best=62.4231 | Eff=93.80% | Ripple=31.50% | PwrDens=0.347 | Cost=154.5 | no_improve=0/20
2026-07-20 19:42:12,210 INFO Checkpoint saved to D:\Ai_Optimization_Of_Vshape_IPM_motor\output\optimizer_state.pkl
2026-07-20 19:42:12,210 INFO 
===== OPTIMIZATION COMPLETE =====
2026-07-20 19:42:12,210 INFO Best overall score : 62.4231
2026-07-20 19:42:12,211 INFO Best design parameters:
2026-07-20 19:42:12,211 INFO   Dr_in        : 80.0 mm
2026-07-20 19:42:12,211 INFO   Air_gap      : 1.2 mm
2026-07-20 19:42:12,211 INFO   Lamda        : 1.0 
2026-07-20 19:42:12,211 INFO   Bridge       : 2.4 mm
2026-07-20 19:42:12,211 INFO   Hs0          : 1.7 mm
2026-07-20 19:42:12,211 INFO   Hs1          : 1.2 mm
2026-07-20 19:42:12,211 INFO   Hs2          : 27.0 mm
2026-07-20 19:42:12,211 INFO   Bs0          : 3.0 mm
2026-07-20 19:42:12,211 INFO   Bs1          : 6.0 mm
2026-07-20 19:42:12,211 INFO   Bs2          : 12.0 mm
2026-07-20 19:42:12,211 INFO   O1           : 12.0 mm
2026-07-20 19:42:12,211 INFO   O2           : 3.5 mm
2026-07-20 19:42:12,211 INFO   B1           : 3.2 mm
2026-07-20 19:42:12,211 INFO   rib          : 2.0 mm
2026-07-20 19:42:12,211 INFO   hrib         : 4.0 mm
2026-07-20 19:42:12,211 INFO   Mt           : 5.4 mm
2026-07-20 19:42:12,212 INFO   Mw           : 30.0 mm
2026-07-20 19:42:12,212 INFO   magDmin      : 0.0 mm
2026-07-20 19:42:12,212 INFO   thet_deg     : 12.0 deg
2026-07-20 19:42:12,213 INFO Best design saved to D:\Ai_Optimization_Of_Vshape_IPM_motor\output\best_optimized_design_v4.csv
2026-07-20 19:42:12,214 INFO Generating Pareto Front visualization...
